[2024-10-16 08:54:23,007 (/home/ubuntu/FIKA_WCS/db_redis/handle_redis.py:33 - __init__())] INFO -> Connect redis successful
[2024-10-16 08:54:23,074 (/home/ubuntu/FIKA_WCS/PLC/plc_interface.py:55 - __connect())] INFO -> Successfully connected to PLC at 192.168.31.3:502
[2024-10-16 08:54:23,074 (/home/ubuntu/FIKA_WCS/PLC/plc_controller.py:150 - __check_trigger())] INFO -> START CHECK PLC
[2024-10-16 08:54:23,201 (/home/ubuntu/FIKA_WCS/PLC/plc_controller.py:93 - update_status())] INFO -> Reset error DWS
[2024-10-16 08:54:23,456 (/home/ubuntu/FIKA_WCS/apis/DAL/DAL_server.py:41 - get_token_bearer_backend())] INFO -> Get token seccessful message.
[2024-10-16 08:54:23,481 (/home/ubuntu/FIKA_WCS/agv/agv_manager.py:17 - __init__())] INFO -> START AGV
[2024-10-16 08:54:23,484 (/home/ubuntu/FIKA_WCS/DWS/handle_dws.py:19 - __sub_request())] INFO -> START CHECK DWS
[2024-10-16 08:54:23,486 (/home/ubuntu/FIKA_WCS/markem_printer/printer_manager.py:24 - __sub_print_request())] INFO -> START PRINT MARKEM
[2024-10-16 08:54:23,488 (/home/ubuntu/FIKA_WCS/datamax_printer/printer_manager.py:21 - __sub_print_request())] INFO -> START REPRINT
[2024-10-16 08:54:23,488 (/home/ubuntu/FIKA_WCS/socket_tcp/socket_tcp_interface.py:47 - connect())] INFO -> Connected to 192.168.31.210:9100
[2024-10-16 08:54:23,489 (/home/ubuntu/FIKA_WCS/tranfer/control_tranfer.py:19 - __init__())] INFO -> TRANFER READY
[2024-10-16 08:54:23,490 (/home/ubuntu/FIKA_WCS/tasks/scheduler.py:13 - __run_schedule())] INFO -> SCHEDUAL START
[2024-10-16 08:54:23,499 (/home/ubuntu/FIKA_WCS/apis/__init__.py:39 - start())] INFO -> RestAPI READY
[2024-10-16 09:32:32,702 (/home/ubuntu/FIKA_WCS/agv/agv_mission.py:111 - main())] INFO -> START TASK:MISSION_A1
[2024-10-16 09:33:29,878 (/home/ubuntu/FIKA_WCS/agv/agv_mission.py:237 - main())] INFO -> ELEVATOR UP READY TASK:286
[2024-10-16 09:33:34,889 (/home/ubuntu/FIKA_WCS/agv/agv_mission.py:244 - main())] INFO -> NOTIFY AGV IN ELEVATOR UP FOR PLC:286
[2024-10-16 09:34:07,912 (/home/ubuntu/FIKA_WCS/agv/agv_mission.py:270 - main())] INFO -> NOTIFY AGV OUT ELEVATOR UP FOR PLC:286
[2024-10-16 09:35:12,912 (/home/ubuntu/FIKA_WCS/agv/agv_mission.py:458 - onContinueEnter())] INFO -> On continue agv enter:286
[2024-10-16 09:35:47,962 (/home/ubuntu/FIKA_WCS/agv/agv_mission.py:462 - onContinueEgress())] INFO -> On continue agv egress:286
[2024-10-16 09:36:10,395 (/home/ubuntu/FIKA_WCS/agv/agv_mission.py:421 - main())] INFO -> DONE MISSION:286
[2024-10-16 09:36:47,019 (/home/ubuntu/FIKA_WCS/apis/DAL/DWS_api.py:108 - post())] INFO -> Done Pallet
[2024-10-16 09:37:29,847 (/home/ubuntu/FIKA_WCS/tranfer/control_tranfer.py:35 - __handle_tranfer())] INFO -> Qrcode: 21234433,Y007,20241016,2,30,1,1;, Result tranfer: OK
[2024-10-16 09:41:28,390 (/home/ubuntu/FIKA_WCS/agv/agv_mission.py:111 - main())] INFO -> START TASK:MISSION_O1
[2024-10-16 09:42:13,450 (/home/ubuntu/FIKA_WCS/agv/agv_mission.py:458 - onContinueEnter())] INFO -> On continue agv enter:287
[2024-10-16 09:42:53,513 (/home/ubuntu/FIKA_WCS/agv/agv_mission.py:462 - onContinueEgress())] INFO -> On continue agv egress:287
[2024-10-16 09:45:18,639 (/home/ubuntu/FIKA_WCS/agv/agv_mission.py:350 - main())] INFO -> ELEVATOR DOWN READY:287
[2024-10-16 09:45:23,648 (/home/ubuntu/FIKA_WCS/agv/agv_mission.py:356 - main())] INFO -> NOTIFY AGV IN ELEVATOR DOWN FOR PLC:287
[2024-10-16 09:46:27,280 (/home/ubuntu/FIKA_WCS/agv/agv_mission.py:371 - main())] INFO -> NOTIFY AGV OUT ELEVATOR DOWN FOR PLC:287
[2024-10-16 09:46:49,644 (/home/ubuntu/FIKA_WCS/agv/agv_mission.py:421 - main())] INFO -> DONE MISSION:287
[2024-10-16 09:49:34,048 (/home/ubuntu/FIKA_WCS/agv/agv_mission.py:111 - main())] INFO -> START TASK:MISSION_O2
[2024-10-16 10:00:08,557 (/home/ubuntu/FIKA_WCS/db_redis/handle_redis.py:33 - __init__())] INFO -> Connect redis successful
[2024-10-16 10:00:08,631 (/home/ubuntu/FIKA_WCS/PLC/plc_interface.py:55 - __connect())] INFO -> Successfully connected to PLC at 192.168.31.3:502
[2024-10-16 10:00:08,634 (/home/ubuntu/FIKA_WCS/PLC/plc_controller.py:150 - __check_trigger())] INFO -> START CHECK PLC
[2024-10-16 10:00:09,017 (/home/ubuntu/FIKA_WCS/apis/DAL/DAL_server.py:41 - get_token_bearer_backend())] INFO -> Get token seccessful message.
[2024-10-16 10:00:09,042 (/home/ubuntu/FIKA_WCS/agv/agv_manager.py:17 - __init__())] INFO -> START AGV
[2024-10-16 10:00:09,045 (/home/ubuntu/FIKA_WCS/DWS/handle_dws.py:19 - __sub_request())] INFO -> START CHECK DWS
[2024-10-16 10:00:09,047 (/home/ubuntu/FIKA_WCS/markem_printer/printer_manager.py:24 - __sub_print_request())] INFO -> START PRINT MARKEM
[2024-10-16 10:00:09,048 (/home/ubuntu/FIKA_WCS/datamax_printer/printer_manager.py:21 - __sub_print_request())] INFO -> START REPRINT
[2024-10-16 10:00:09,049 (/home/ubuntu/FIKA_WCS/socket_tcp/socket_tcp_interface.py:47 - connect())] INFO -> Connected to 192.168.31.210:9100
[2024-10-16 10:00:09,050 (/home/ubuntu/FIKA_WCS/tranfer/control_tranfer.py:19 - __init__())] INFO -> TRANFER READY
[2024-10-16 10:00:09,051 (/home/ubuntu/FIKA_WCS/tasks/scheduler.py:13 - __run_schedule())] INFO -> SCHEDUAL START
[2024-10-16 10:00:09,058 (/home/ubuntu/FIKA_WCS/apis/__init__.py:39 - start())] INFO -> RestAPI READY
